<?xml version="1.0" encoding="UTF-8"?>
<testsuite xmlns:xsi="http://www.w3.org/2001/XMLSchema-instance" xsi:noNamespaceSchemaLocation="https://maven.apache.org/surefire/maven-surefire-plugin/xsd/surefire-test-report-3.0.xsd" version="3.0" name="com.example.demo.EMartApplicationTests" time="9.758" tests="1" errors="0" skipped="0" failures="0">
  <properties>
[...]
</properties>
  <testcase name="contextLoads" classname="com.example.demo.EMartApplicationTests" time="0.786">
    <system-out><![CDATA[17:11:28.608 [main] INFO org.springframework.test.context.support.AnnotationConfigContextLoaderUtils -- Could not detect default configuration classes for test class [com.example.demo.EMartApplicationTests]: EMartApplicationTests does not declare any static, non-private, non-final, nested classes annotated with @Configuration.
17:11:28.774 [main] INFO org.springframework.boot.test.context.SpringBootTestContextBootstrapper -- Found @SpringBootConfiguration com.example.demo.EMartApplication for test class com.example.demo.EMartApplicationTests
17:11:28.997 [main] INFO org.springframework.boot.devtools.restart.RestartApplicationListener -- Restart disabled due to context in which it is running

  .   ____          _            __ _ _
 /\\ / ___'_ __ _ _(_)_ __  __ _ \ \ \ \
( ( )\___ | '_ | '_| | '_ \/ _` | \ \ \ \
 \\/  ___)| |_)| | | | | || (_| |  ) ) ) )
  '  |____| .__|_| |_|_| |_\__, | / / / /
 =========|_|==============|___/=/_/_/_/

 :: Spring Boot ::                (v3.3.5)

2025-02-13T17:11:29.520+05:30  INFO 30336 --- [           main] com.example.demo.EMartApplicationTests   : Starting EMartApplicationTests using Java 21.0.5 with PID 30336 (started by 91970 in C:\Users\91970\Desktop\E-martShantanu\E-mart)
2025-02-13T17:11:29.521+05:30 DEBUG 30336 --- [           main] com.example.demo.EMartApplicationTests   : Running with Spring Boot v3.3.5, Spring v6.1.14
2025-02-13T17:11:29.522+05:30  INFO 30336 --- [           main] com.example.demo.EMartApplicationTests   : No active profile set, falling back to 1 default profile: "default"
2025-02-13T17:11:29.588+05:30 DEBUG 30336 --- [           main] o.s.w.c.s.GenericWebApplicationContext   : Refreshing org.springframework.web.context.support.GenericWebApplicationContext@6c44052e
2025-02-13T17:11:30.877+05:30  INFO 30336 --- [           main] .s.d.r.c.RepositoryConfigurationDelegate : Bootstrapping Spring Data JPA repositories in DEFAULT mode.
2025-02-13T17:11:30.972+05:30  INFO 30336 --- [           main] .s.d.r.c.RepositoryConfigurationDelegate : Finished Spring Data repository scanning in 87 ms. Found 9 JPA repository interfaces.
2025-02-13T17:11:32.140+05:30  INFO 30336 --- [           main] o.hibernate.jpa.internal.util.LogHelper  : HHH000204: Processing PersistenceUnitInfo [name: default]
2025-02-13T17:11:32.260+05:30  INFO 30336 --- [           main] org.hibernate.Version                    : HHH000412: Hibernate ORM core version 6.5.3.Final
2025-02-13T17:11:32.334+05:30  INFO 30336 --- [           main] o.h.c.internal.RegionFactoryInitiator    : HHH000026: Second-level cache disabled
2025-02-13T17:11:32.843+05:30  INFO 30336 --- [           main] o.s.o.j.p.SpringPersistenceUnitInfo      : No LoadTimeWeaver setup: ignoring JPA class transformer
2025-02-13T17:11:32.895+05:30  INFO 30336 --- [           main] com.zaxxer.hikari.HikariDataSource       : HikariPool-1 - Starting...
2025-02-13T17:11:33.457+05:30  INFO 30336 --- [           main] com.zaxxer.hikari.pool.HikariPool        : HikariPool-1 - Added connection com.mysql.cj.jdbc.ConnectionImpl@24018c8b
2025-02-13T17:11:33.462+05:30  INFO 30336 --- [           main] com.zaxxer.hikari.HikariDataSource       : HikariPool-1 - Start completed.
2025-02-13T17:11:33.618+05:30  WARN 30336 --- [           main] org.hibernate.orm.deprecation            : HHH90000025: MySQLDialect does not need to be specified explicitly using 'hibernate.dialect' (remove the property setting and it will be selected by default)
2025-02-13T17:11:33.649+05:30 DEBUG 30336 --- [           main] o.h.t.d.sql.spi.DdlTypeRegistry          : addDescriptor(12, org.hibernate.type.descriptor.sql.internal.CapacityDependentDdlType@13374ca6) replaced previous registration(org.hibernate.type.descriptor.sql.internal.CapacityDependentDdlType@71734463)
2025-02-13T17:11:33.649+05:30 DEBUG 30336 --- [           main] o.h.t.d.sql.spi.DdlTypeRegistry          : addDescriptor(-9, org.hibernate.type.descriptor.sql.internal.CapacityDependentDdlType@3f1d6a13) replaced previous registration(org.hibernate.type.descriptor.sql.internal.CapacityDependentDdlType@7cbf4f8c)
2025-02-13T17:11:33.649+05:30 DEBUG 30336 --- [           main] o.h.t.d.sql.spi.DdlTypeRegistry          : addDescriptor(-3, org.hibernate.type.descriptor.sql.internal.CapacityDependentDdlType@55c46ec1) replaced previous registration(org.hibernate.type.descriptor.sql.internal.CapacityDependentDdlType@3eff6846)
2025-02-13T17:11:33.650+05:30 DEBUG 30336 --- [           main] o.h.t.d.sql.spi.DdlTypeRegistry          : addDescriptor(4003, org.hibernate.type.descriptor.sql.internal.DdlTypeImpl@6ae6d078) replaced previous registration(org.hibernate.type.descriptor.sql.internal.DdlTypeImpl@6ca33187)
2025-02-13T17:11:33.650+05:30 DEBUG 30336 --- [           main] o.h.t.d.sql.spi.DdlTypeRegistry          : addDescriptor(4001, org.hibernate.type.descriptor.sql.internal.DdlTypeImpl@1a67f8b4) replaced previous registration(org.hibernate.type.descriptor.sql.internal.DdlTypeImpl@5f1f0ee6)
2025-02-13T17:11:33.650+05:30 DEBUG 30336 --- [           main] o.h.t.d.sql.spi.DdlTypeRegistry          : addDescriptor(4002, org.hibernate.type.descriptor.sql.internal.DdlTypeImpl@326706d) replaced previous registration(org.hibernate.type.descriptor.sql.internal.DdlTypeImpl@76fc5687)
2025-02-13T17:11:33.650+05:30 DEBUG 30336 --- [           main] o.h.t.d.sql.spi.DdlTypeRegistry          : addDescriptor(2004, org.hibernate.type.descriptor.sql.internal.CapacityDependentDdlType@53fbb2b4) replaced previous registration(org.hibernate.type.descriptor.sql.internal.DdlTypeImpl@7434ee13)
2025-02-13T17:11:33.651+05:30 DEBUG 30336 --- [           main] o.h.t.d.sql.spi.DdlTypeRegistry          : addDescriptor(2005, org.hibernate.type.descriptor.sql.internal.CapacityDependentDdlType@44a14de0) replaced previous registration(org.hibernate.type.descriptor.sql.internal.DdlTypeImpl@50fd739d)
2025-02-13T17:11:33.651+05:30 DEBUG 30336 --- [           main] o.h.t.d.sql.spi.DdlTypeRegistry          : addDescriptor(2011, org.hibernate.type.descriptor.sql.internal.CapacityDependentDdlType@5e1d1524) replaced previous registration(org.hibernate.type.descriptor.sql.internal.DdlTypeImpl@d0a2c82)
2025-02-13T17:11:34.939+05:30  INFO 30336 --- [           main] o.h.e.t.j.p.i.JtaPlatformInitiator       : HHH000489: No JTA platform available (set 'hibernate.transaction.jta.platform' to enable JTA platform integration)
2025-02-13T17:11:35.206+05:30  INFO 30336 --- [           main] j.LocalContainerEntityManagerFactoryBean : Initialized JPA EntityManagerFactory for persistence unit 'default'
2025-02-13T17:11:36.043+05:30  INFO 30336 --- [           main] o.s.d.j.r.query.QueryEnhancerFactory     : Hibernate is in classpath; If applicable, HQL parser will be used.
inside daoAuthenticationProvider method
2025-02-13T17:11:36.156+05:30  WARN 30336 --- [           main] JpaBaseConfiguration$JpaWebConfiguration : spring.jpa.open-in-view is enabled by default. Therefore, database queries may be performed during view rendering. Explicitly configure spring.jpa.open-in-view to disable this warning
2025-02-13T17:11:36.182+05:30  INFO 30336 --- [           main] r$InitializeUserDetailsManagerConfigurer : Global AuthenticationManager configured with UserDetailsService bean with name customUserDetailsService
2025-02-13T17:11:36.467+05:30 DEBUG 30336 --- [           main] s.w.s.m.m.a.RequestMappingHandlerMapping : 37 mappings in 'requestMappingHandlerMapping'
2025-02-13T17:11:36.657+05:30 DEBUG 30336 --- [           main] o.s.w.s.handler.SimpleUrlHandlerMapping  : Patterns [/webjars/**, /**] in 'resourceHandlerMapping'
securityFilterChain method
2025-02-13T17:11:37.025+05:30 DEBUG 30336 --- [           main] s.w.s.m.m.a.RequestMappingHandlerAdapter : ControllerAdvice beans: 0 @ModelAttribute, 0 @InitBinder, 1 RequestBodyAdvice, 1 ResponseBodyAdvice
2025-02-13T17:11:37.097+05:30 DEBUG 30336 --- [           main] .m.m.a.ExceptionHandlerExceptionResolver : ControllerAdvice beans: 0 @ExceptionHandler, 1 ResponseBodyAdvice
2025-02-13T17:11:37.156+05:30  WARN 30336 --- [           main] ion$DefaultTemplateResolverConfiguration : Cannot find template location: classpath:/templates/ (please add some templates, check your Thymeleaf configuration, or set spring.thymeleaf.check-template-location=false)
2025-02-13T17:11:37.290+05:30  INFO 30336 --- [           main] com.example.demo.EMartApplicationTests   : Started EMartApplicationTests in 8.316 seconds (process running for 9.956)
]]></system-out>
    <system-err><![CDATA[WARNING: A Java agent has been loaded dynamically (C:\Users\91970\.m2\repository\net\bytebuddy\byte-buddy-agent\1.14.19\byte-buddy-agent-1.14.19.jar)
WARNING: If a serviceability tool is in use, please run with -XX:+EnableDynamicAgentLoading to hide this warning
WARNING: If a serviceability tool is not in use, please run with -Djdk.instrument.traceUsage for more information
WARNING: Dynamic loading of agents will be disallowed by default in a future release
]]></system-err>
  </testcase>
</testsuite>